#
# There is insufficient memory for the Java Runtime Environment to continue.
# Native memory allocation (malloc) failed to allocate 32744 bytes for ChunkPool::allocate
# Possible reasons:
#   The system is out of physical RAM or swap space
#   The process is running with CompressedOops enabled, and the Java Heap may be blocking the growth of the native heap
# Possible solutions:
#   Reduce memory load on the system
#   Increase physical memory or swap space
#   Check if swap backing store is full
#   Decrease Java heap size (-Xmx/-Xms)
#   Decrease number of Java threads
#   Decrease Java thread stack sizes (-Xss)
#   Set larger code cache with -XX:ReservedCodeCacheSize=
#   JVM is running with Unscaled Compressed Oops mode in which the Java heap is
#     placed in the first 4GB address space. The Java Heap base address is the
#     maximum limit for the native heap growth. Please use -XX:HeapBaseMinAddress
#     to set the Java Heap base and to place the Java Heap above 4GB virtual address.
# This output file may be truncated or incomplete.
#
#  Out of Memory Error (allocation.cpp:272), pid=9600, tid=0x0000000000002878
#
# JRE version: Java(TM) SE Runtime Environment (8.0_251-b08) (build 1.8.0_251-b08)
# Java VM: Java HotSpot(TM) 64-Bit Server VM (25.251-b08 mixed mode windows-amd64 compressed oops)
# Failed to write core dump. Minidumps are not enabled by default on client versions of Windows
#

---------------  T H R E A D  ---------------

Current thread (0x000000001680a000):  JavaThread "C1 CompilerThread3" daemon [_thread_in_native, id=10360, stack(0x00000000176a0000,0x00000000177a0000)]

Stack: [0x00000000176a0000,0x00000000177a0000]
[error occurred during error reporting (printing stack bounds), id 0xc0000005]

Native frames: (J=compiled Java code, j=interpreted, Vv=VM code, C=native code)


Current CompileTask:
C1:   1514 1650       3       org.objectweb.asm.Frame::execute (2318 bytes)


---------------  P R O C E S S  ---------------

Java Threads: ( => current thread )
  0x0000000019b93800 JavaThread "Cache worker for file hash cache (D:\codegym\C0921G1-VuTrongDuong-Module3\case_study\.gradle\6.1\fileHashes)" [_thread_blocked, id=2524, stack(0x000000001f080000,0x000000001f180000)]
  0x0000000019b92000 JavaThread "Cache worker for checksums cache (D:\codegym\C0921G1-VuTrongDuong-Module3\case_study\.gradle\checksums)" [_thread_blocked, id=8628, stack(0x000000001ef80000,0x000000001f080000)]
  0x0000000019b93000 JavaThread "Cache worker for file hash cache (C:\Users\PC\.gradle\caches\6.1\fileHashes)" [_thread_blocked, id=7704, stack(0x000000001b7c0000,0x000000001b8c0000)]
  0x0000000019b94800 JavaThread "File lock request listener" [_thread_in_native, id=5920, stack(0x000000001b6c0000,0x000000001b7c0000)]
  0x0000000019b91000 JavaThread "Cache worker for journal cache (C:\Users\PC\.gradle\caches\journal-1)" [_thread_blocked, id=15084, stack(0x000000001b5c0000,0x000000001b6c0000)]
  0x0000000019988800 JavaThread "Thread-9" [_thread_blocked, id=9588, stack(0x000000001b2c0000,0x000000001b3c0000)]
  0x0000000019988000 JavaThread "Stdin handler" [_thread_blocked, id=1496, stack(0x000000001b1c0000,0x000000001b2c0000)]
  0x0000000019987000 JavaThread "Asynchronous log dispatcher for DefaultDaemonConnection: socket connection from /127.0.0.1:58667 to /127.0.0.1:58668" [_thread_blocked, id=4408, stack(0x000000001b0c0000,0x000000001b1c0000)]
  0x000000001994c000 JavaThread "Daemon worker" [_thread_in_vm, id=6704, stack(0x000000001afc0000,0x000000001b0c0000)]
  0x0000000019943800 JavaThread "Cancel handler" [_thread_blocked, id=1344, stack(0x000000001aec0000,0x000000001afc0000)]
  0x0000000019913000 JavaThread "Handler for socket connection from /127.0.0.1:58667 to /127.0.0.1:58668" [_thread_in_native, id=13988, stack(0x000000001abc0000,0x000000001acc0000)]
  0x0000000019908000 JavaThread "Daemon" [_thread_blocked, id=14736, stack(0x000000001aac0000,0x000000001abc0000)]
  0x00000000198f6000 JavaThread "Daemon periodic checks" [_thread_blocked, id=14884, stack(0x000000001a9c0000,0x000000001aac0000)]
  0x0000000019839000 JavaThread "Incoming local TCP Connector on port 58667" [_thread_in_native, id=1284, stack(0x000000001a780000,0x000000001a880000)]
  0x0000000019899800 JavaThread "Daemon health stats" [_thread_blocked, id=3272, stack(0x000000001a140000,0x000000001a240000)]
  0x0000000016818800 JavaThread "Service Thread" daemon [_thread_blocked, id=13768, stack(0x00000000177a0000,0x00000000178a0000)]
=>0x000000001680a000 JavaThread "C1 CompilerThread3" daemon [_thread_in_native, id=10360, stack(0x00000000176a0000,0x00000000177a0000)]
  0x0000000016809800 JavaThread "C2 CompilerThread2" daemon [_thread_blocked, id=11552, stack(0x00000000175a0000,0x00000000176a0000)]
  0x00000000167fc800 JavaThread "C2 CompilerThread1" daemon [_thread_in_native, id=3776, stack(0x00000000174a0000,0x00000000175a0000)]
  0x0000000016804800 JavaThread "C2 CompilerThread0" daemon [_thread_in_native, id=9968, stack(0x00000000173a0000,0x00000000174a0000)]
  0x00000000167f2000 JavaThread "JDWP Command Reader" daemon [_thread_in_native, id=5844, stack(0x00000000172a0000,0x00000000173a0000)]
  0x00000000167e4800 JavaThread "JDWP Event Helper Thread" daemon [_thread_blocked, id=5936, stack(0x00000000171a0000,0x00000000172a0000)]
  0x00000000167cf000 JavaThread "JDWP Transport Listener: dt_socket" daemon [_thread_blocked, id=6092, stack(0x00000000170a0000,0x00000000171a0000)]
  0x00000000167c9000 JavaThread "Attach Listener" daemon [_thread_blocked, id=14776, stack(0x0000000016fa0000,0x00000000170a0000)]
  0x00000000167c7000 JavaThread "Signal Dispatcher" daemon [_thread_blocked, id=11108, stack(0x0000000016ea0000,0x0000000016fa0000)]
  0x00000000167c1800 JavaThread "Finalizer" daemon [_thread_blocked, id=7000, stack(0x0000000016ca0000,0x0000000016da0000)]
  0x00000000167c0800 JavaThread "Reference Handler" daemon [_thread_blocked, id=4064, stack(0x0000000016ba0000,0x0000000016ca0000)]
  0x0000000003122800 JavaThread "main" [_thread_blocked, id=5788, stack(0x0000000003020000,0x0000000003120000)]

Other Threads:
  0x00000000149d8800 VMThread [stack: 0x00000000166a0000,0x00000000167a0000] [id=14656]
  0x00000000168b1000 WatcherThread [stack: 0x00000000178a0000,0x00000000179a0000] [id=10424]

VM state:not at safepoint (normal execution)

VM Mutex/Monitor currently owned by a thread: None

heap address: 0x00000000e0000000, size: 512 MB, Compressed Oops mode: 32-bit
Narrow klass base: 0x0000000000000000, Narrow klass shift: 3
Compressed class space size: 1073741824 Address: 0x0000000100000000

Heap:
 PSYoungGen      total 76288K, used 49342K [0x00000000f5580000, 0x00000000fea80000, 0x0000000100000000)
  eden space 65536K, 60% used [0x00000000f5580000,0x00000000f7c19db0,0x00000000f9580000)
  from space 10752K, 91% used [0x00000000fa000000,0x00000000fa995d40,0x00000000faa80000)
  to   space 10752K, 0% used [0x00000000f9580000,0x00000000f9580000,0x00000000fa000000)
 ParOldGen       total 175104K, used 24K [0x00000000e0000000, 0x00000000eab00000, 0x00000000f5580000)
  object space 175104K, 0% used [0x00000000e0000000,0x00000000e0006000,0x00000000eab00000)
 Metaspace       used 18780K, capacity 19366K, committed 19584K, reserved 1067008K
  class space    used 2633K, capacity 2825K, committed 2944K, reserved 1048576K

Card table byte_map: [0x00000000125e0000,0x00000000126f0000] byte_map_base: 0x0000000011ee0000

Marking Bits: (ParMarkBitMap*) 0x000000006134af90
 Begin Bits: [0x0000000012ef0000, 0x00000000136f0000)
 End Bits:   [0x00000000136f0000, 0x0000000013ef0000)

Polling page: 0x0000000002e60000

CodeCache: size=245760Kb used=5859Kb max_used=5859Kb free=239900Kb
 bounds [0x0000000003220000, 0x00000000037e0000, 0x0000000012220000]
 total_blobs=2048 nmethods=1646 adapters=322
 compilation: enabled

Compilation events (10 events):
Event: 1.511 Thread 0x000000001680a000 nmethod 1645 0x00000000037d89d0 code [0x00000000037d8b20, 0x00000000037d8cb0]
Event: 1.511 Thread 0x000000001680a000 1646       3       org.objectweb.asm.ByteVector::putUTF8 (144 bytes)
Event: 1.511 Thread 0x000000001680a000 nmethod 1646 0x00000000037d8d90 code [0x00000000037d8f80, 0x00000000037d9838]
Event: 1.511 Thread 0x000000001680a000 1647       3       org.objectweb.asm.ByteVector::putByte (39 bytes)
Event: 1.511 Thread 0x000000001680a000 nmethod 1647 0x00000000037d9d90 code [0x00000000037d9f00, 0x00000000037da128]
Event: 1.511 Thread 0x000000001680a000 1649       3       org.objectweb.asm.SymbolTable::addConstantUtf8 (98 bytes)
Event: 1.512 Thread 0x000000001680a000 nmethod 1649 0x00000000037da290 code [0x00000000037da480, 0x00000000037dac78]
Event: 1.512 Thread 0x000000001680a000 1648       3       org.objectweb.asm.Symbol::<init> (38 bytes)
Event: 1.512 Thread 0x000000001680a000 nmethod 1648 0x00000000037db0d0 code [0x00000000037db220, 0x00000000037db430]
Event: 1.512 Thread 0x000000001680a000 1650       3       org.objectweb.asm.Frame::execute (2318 bytes)

GC Heap History (4 events):
Event: 0.596 GC heap before
{Heap before GC invocations=1 (full 0):
 PSYoungGen      total 76288K, used 65536K [0x00000000f5580000, 0x00000000faa80000, 0x0000000100000000)
  eden space 65536K, 100% used [0x00000000f5580000,0x00000000f9580000,0x00000000f9580000)
  from space 10752K, 0% used [0x00000000fa000000,0x00000000fa000000,0x00000000faa80000)
  to   space 10752K, 0% used [0x00000000f9580000,0x00000000f9580000,0x00000000fa000000)
 ParOldGen       total 175104K, used 0K [0x00000000e0000000, 0x00000000eab00000, 0x00000000f5580000)
  object space 175104K, 0% used [0x00000000e0000000,0x00000000e0000000,0x00000000eab00000)
 Metaspace       used 7478K, capacity 7724K, committed 8064K, reserved 1056768K
  class space    used 941K, capacity 1040K, committed 1152K, reserved 1048576K
Event: 0.602 GC heap after
Heap after GC invocations=1 (full 0):
 PSYoungGen      total 76288K, used 5744K [0x00000000f5580000, 0x00000000faa80000, 0x0000000100000000)
  eden space 65536K, 0% used [0x00000000f5580000,0x00000000f5580000,0x00000000f9580000)
  from space 10752K, 53% used [0x00000000f9580000,0x00000000f9b1c0f8,0x00000000fa000000)
  to   space 10752K, 0% used [0x00000000fa000000,0x00000000fa000000,0x00000000faa80000)
 ParOldGen       total 175104K, used 16K [0x00000000e0000000, 0x00000000eab00000, 0x00000000f5580000)
  object space 175104K, 0% used [0x00000000e0000000,0x00000000e0004000,0x00000000eab00000)
 Metaspace       used 7478K, capacity 7724K, committed 8064K, reserved 1056768K
  class space    used 941K, capacity 1040K, committed 1152K, reserved 1048576K
}
Event: 1.224 GC heap before
{Heap before GC invocations=2 (full 0):
 PSYoungGen      total 76288K, used 71280K [0x00000000f5580000, 0x00000000faa80000, 0x0000000100000000)
  eden space 65536K, 100% used [0x00000000f5580000,0x00000000f9580000,0x00000000f9580000)
  from space 10752K, 53% used [0x00000000f9580000,0x00000000f9b1c0f8,0x00000000fa000000)
  to   space 10752K, 0% used [0x00000000fa000000,0x00000000fa000000,0x00000000faa80000)
 ParOldGen       total 175104K, used 16K [0x00000000e0000000, 0x00000000eab00000, 0x00000000f5580000)
  object space 175104K, 0% used [0x00000000e0000000,0x00000000e0004000,0x00000000eab00000)
 Metaspace       used 15506K, capacity 15866K, committed 16128K, reserved 1062912K
  class space    used 2110K, capacity 2241K, committed 2304K, reserved 1048576K
Event: 1.232 GC heap after
Heap after GC invocations=2 (full 0):
 PSYoungGen      total 76288K, used 9815K [0x00000000f5580000, 0x00000000fea80000, 0x0000000100000000)
  eden space 65536K, 0% used [0x00000000f5580000,0x00000000f5580000,0x00000000f9580000)
  from space 10752K, 91% used [0x00000000fa000000,0x00000000fa995d40,0x00000000faa80000)
  to   space 10752K, 0% used [0x00000000f9580000,0x00000000f9580000,0x00000000fa000000)
 ParOldGen       total 175104K, used 24K [0x00000000e0000000, 0x00000000eab00000, 0x00000000f5580000)
  object space 175104K, 0% used [0x00000000e0000000,0x00000000e0006000,0x00000000eab00000)
 Metaspace       used 15506K, capacity 15866K, committed 16128K, reserved 1062912K
  class space    used 2110K, capacity 2241K, committed 2304K, reserved 1048576K
}

Deoptimization events (10 events):
Event: 1.021 Thread 0x000000001994c000 Uncommon trap: reason=bimorphic action=maybe_recompile pc=0x0000000003528adc method=java.util.HashMap.putVal(ILjava/lang/Object;Ljava/lang/Object;ZZ)Ljava/lang/Object; @ 253
Event: 1.021 Thread 0x000000001994c000 Uncommon trap: reason=bimorphic action=maybe_recompile pc=0x0000000003528adc method=java.util.HashMap.putVal(ILjava/lang/Object;Ljava/lang/Object;ZZ)Ljava/lang/Object; @ 253
Event: 1.021 Thread 0x000000001994c000 Uncommon trap: reason=bimorphic action=maybe_recompile pc=0x0000000003528adc method=java.util.HashMap.putVal(ILjava/lang/Object;Ljava/lang/Object;ZZ)Ljava/lang/Object; @ 253
Event: 1.021 Thread 0x000000001994c000 Uncommon trap: reason=bimorphic action=maybe_recompile pc=0x00000000035382ac method=java.util.HashMap.putVal(ILjava/lang/Object;Ljava/lang/Object;ZZ)Ljava/lang/Object; @ 253
Event: 1.139 Thread 0x000000001994c000 Uncommon trap: reason=class_check action=maybe_recompile pc=0x00000000033df634 method=java.util.regex.Matcher.match(II)Z @ 86
Event: 1.139 Thread 0x000000001994c000 Uncommon trap: reason=class_check action=maybe_recompile pc=0x00000000033df634 method=java.util.regex.Matcher.match(II)Z @ 86
Event: 1.139 Thread 0x000000001994c000 Uncommon trap: reason=class_check action=maybe_recompile pc=0x00000000033df634 method=java.util.regex.Matcher.match(II)Z @ 86
Event: 1.288 Thread 0x000000001994c000 Uncommon trap: reason=unstable_if action=reinterpret pc=0x000000000354b228 method=java.io.File.getName()Ljava/lang/String; @ 16
Event: 1.288 Thread 0x000000001994c000 Uncommon trap: reason=unstable_if action=reinterpret pc=0x000000000354e090 method=java.lang.String.substring(I)Ljava/lang/String; @ 35
Event: 1.392 Thread 0x000000001994c000 Uncommon trap: reason=unstable_if action=reinterpret pc=0x00000000036f5b4c method=java.util.HashMap.putVal(ILjava/lang/Object;Ljava/lang/Object;ZZ)Ljava/lang/Object; @ 236

Classes redefined (0 events):
No events

Internal exceptions (10 events):
Event: 0.993 Thread 0x0000000019913000 Exception <a 'java/lang/NoSuchMethodError': <clinit>> (0x00000000f713b530) thrown at [C:\jenkins\workspace\8-2-build-windows-amd64-cygwin\jdk8u251\737\hotspot\src\share\vm\prims\jni.cpp, line 1614]
Event: 0.994 Thread 0x0000000019913000 Exception <a 'java/lang/NoSuchMethodError': <clinit>> (0x00000000f7144c38) thrown at [C:\jenkins\workspace\8-2-build-windows-amd64-cygwin\jdk8u251\737\hotspot\src\share\vm\prims\jni.cpp, line 1614]
Event: 0.995 Thread 0x0000000019913000 Exception <a 'java/lang/NoSuchMethodError': <clinit>> (0x00000000f7159470) thrown at [C:\jenkins\workspace\8-2-build-windows-amd64-cygwin\jdk8u251\737\hotspot\src\share\vm\prims\jni.cpp, line 1614]
Event: 0.999 Thread 0x0000000019913000 Exception <a 'java/lang/NoSuchMethodError': <clinit>> (0x00000000f71b1598) thrown at [C:\jenkins\workspace\8-2-build-windows-amd64-cygwin\jdk8u251\737\hotspot\src\share\vm\prims\jni.cpp, line 1614]
Event: 1.002 Thread 0x0000000019913000 Exception <a 'java/lang/NoSuchMethodError': <clinit>> (0x00000000f71e9380) thrown at [C:\jenkins\workspace\8-2-build-windows-amd64-cygwin\jdk8u251\737\hotspot\src\share\vm\prims\jni.cpp, line 1614]
Event: 1.004 Thread 0x0000000019913000 Exception <a 'java/lang/NoSuchMethodError': <clinit>> (0x00000000f721de78) thrown at [C:\jenkins\workspace\8-2-build-windows-amd64-cygwin\jdk8u251\737\hotspot\src\share\vm\prims\jni.cpp, line 1614]
Event: 1.005 Thread 0x0000000019913000 Exception <a 'java/lang/NoSuchMethodError': <clinit>> (0x00000000f7229570) thrown at [C:\jenkins\workspace\8-2-build-windows-amd64-cygwin\jdk8u251\737\hotspot\src\share\vm\prims\jni.cpp, line 1614]
Event: 1.315 Thread 0x000000001994c000 Exception <a 'java/lang/NoSuchMethodError': java.lang.Object.lambda$and$0(Ljava/util/function/Predicate;Ljava/lang/Object;)Z> (0x00000000f65da448) thrown at [C:\jenkins\workspace\8-2-build-windows-amd64-cygwin\jdk8u251\737\hotspot\src\share\vm\interpreter
Event: 1.319 Thread 0x000000001994c000 Exception <a 'java/lang/IncompatibleClassChangeError': Found class java.lang.Object, but interface was expected> (0x00000000f65eac38) thrown at [C:\jenkins\workspace\8-2-build-windows-amd64-cygwin\jdk8u251\737\hotspot\src\share\vm\interpreter\linkResolver
Event: 1.321 Thread 0x000000001994c000 Exception <a 'java/lang/NoSuchMethodError': java.lang.Object.lambda$or$2(Ljava/util/function/Predicate;Ljava/lang/Object;)Z> (0x00000000f65efb58) thrown at [C:\jenkins\workspace\8-2-build-windows-amd64-cygwin\jdk8u251\737\hotspot\src\share\vm\interpreter\

Events (10 events):
Event: 1.508 Thread 0x000000001994c000 DEOPT PACKING pc=0x000000000375b234 sp=0x000000001b0bbcf0
Event: 1.508 Thread 0x000000001994c000 DEOPT UNPACKING pc=0x0000000003267890 sp=0x000000001b0bba70 mode 1
Event: 1.508 Thread 0x000000001994c000 DEOPT PACKING pc=0x000000000375aef8 sp=0x000000001b0bbde0
Event: 1.508 Thread 0x000000001994c000 DEOPT UNPACKING pc=0x0000000003267890 sp=0x000000001b0bbab0 mode 1
Event: 1.509 loading class org/gradle/api/Incubating
Event: 1.509 loading class org/gradle/api/Incubating done
Event: 1.509 Thread 0x000000001994c000 DEOPT PACKING pc=0x000000000375b234 sp=0x000000001b0bbfa0
Event: 1.509 Thread 0x000000001994c000 DEOPT UNPACKING pc=0x0000000003267890 sp=0x000000001b0bbd20 mode 1
Event: 1.509 Thread 0x000000001994c000 DEOPT PACKING pc=0x000000000375aef8 sp=0x000000001b0bc090
Event: 1.509 Thread 0x000000001994c000 DEOPT UNPACKING pc=0x0000000003267890 sp=0x000000001b0bbd60 mode 1


Dynamic libraries:
0x00007ff7c05d0000 - 0x00007ff7c0607000 	C:\Program Files\Java\jdk1.8.0_251\bin\java.exe
0x00007ffffb350000 - 0x00007ffffb545000 	C:\Windows\SYSTEM32\ntdll.dll
0x00007ffffab20000 - 0x00007ffffabde000 	C:\Windows\System32\KERNEL32.DLL
0x00007ffff8a90000 - 0x00007ffff8d58000 	C:\Windows\System32\KERNELBASE.dll
0x00007ffffa270000 - 0x00007ffffa31c000 	C:\Windows\System32\ADVAPI32.dll
0x00007ffff9d50000 - 0x00007ffff9dee000 	C:\Windows\System32\msvcrt.dll
0x00007ffff9a00000 - 0x00007ffff9a9b000 	C:\Windows\System32\sechost.dll
0x00007ffff9aa0000 - 0x00007ffff9bca000 	C:\Windows\System32\RPCRT4.dll
0x00007ffff9fa0000 - 0x00007ffffa141000 	C:\Windows\System32\USER32.dll
0x00007ffff8a60000 - 0x00007ffff8a82000 	C:\Windows\System32\win32u.dll
0x00007ffff99d0000 - 0x00007ffff99fb000 	C:\Windows\System32\GDI32.dll
0x00007ffff90d0000 - 0x00007ffff91dd000 	C:\Windows\System32\gdi32full.dll
0x00007ffff8f40000 - 0x00007ffff8fdd000 	C:\Windows\System32\msvcp_win.dll
0x00007ffff91e0000 - 0x00007ffff92e0000 	C:\Windows\System32\ucrtbase.dll
0x00007fffe7830000 - 0x00007fffe7aca000 	C:\Windows\WinSxS\amd64_microsoft.windows.common-controls_6595b64144ccf1df_6.0.19041.1110_none_60b5254171f9507e\COMCTL32.dll
0x00007ffffb070000 - 0x00007ffffb0a0000 	C:\Windows\System32\IMM32.DLL
0x00000000613d0000 - 0x00000000614a2000 	C:\Program Files\Java\jdk1.8.0_251\jre\bin\msvcr100.dll
0x0000000060b20000 - 0x00000000613cb000 	C:\Program Files\Java\jdk1.8.0_251\jre\bin\server\jvm.dll
0x00007ffffac90000 - 0x00007ffffac98000 	C:\Windows\System32\PSAPI.DLL
0x00007fffeeb60000 - 0x00007fffeeb6a000 	C:\Windows\SYSTEM32\VERSION.dll
0x00007ffff4530000 - 0x00007ffff4539000 	C:\Windows\SYSTEM32\WSOCK32.dll
0x00007fffdae70000 - 0x00007fffdae97000 	C:\Windows\SYSTEM32\WINMM.dll
0x00007ffff9c60000 - 0x00007ffff9ccb000 	C:\Windows\System32\WS2_32.dll
0x00007fffebd40000 - 0x00007fffebd4f000 	C:\Program Files\Java\jdk1.8.0_251\jre\bin\verify.dll
0x00007fffd8d30000 - 0x00007fffd8d59000 	C:\Program Files\Java\jdk1.8.0_251\jre\bin\java.dll
0x00007fffed7c0000 - 0x00007fffed7f5000 	C:\Program Files\Java\jdk1.8.0_251\jre\bin\jdwp.dll
0x00007ffff2500000 - 0x00007ffff2508000 	C:\Program Files\Java\jdk1.8.0_251\jre\bin\npt.dll
0x00007fffd8d10000 - 0x00007fffd8d26000 	C:\Program Files\Java\jdk1.8.0_251\jre\bin\zip.dll
0x00007ffffa320000 - 0x00007ffffaa64000 	C:\Windows\System32\SHELL32.dll
0x00007ffff6b30000 - 0x00007ffff72c4000 	C:\Windows\SYSTEM32\windows.storage.dll
0x00007ffffad10000 - 0x00007ffffb065000 	C:\Windows\System32\combase.dll
0x00007ffff84b0000 - 0x00007ffff84de000 	C:\Windows\SYSTEM32\Wldp.dll
0x00007ffffaa70000 - 0x00007ffffab1d000 	C:\Windows\System32\SHCORE.dll
0x00007ffffb0a0000 - 0x00007ffffb0f5000 	C:\Windows\System32\shlwapi.dll
0x00007ffff89a0000 - 0x00007ffff89bf000 	C:\Windows\SYSTEM32\profapi.dll
0x00007ffff2150000 - 0x00007ffff2159000 	C:\Program Files\Java\jdk1.8.0_251\jre\bin\dt_socket.dll
0x00007ffff8210000 - 0x00007ffff827a000 	C:\Windows\system32\mswsock.dll
0x00007fffd8cf0000 - 0x00007fffd8d0a000 	C:\Program Files\Java\jdk1.8.0_251\jre\bin\net.dll
0x00007fffd8cd0000 - 0x00007fffd8ce2000 	C:\Program Files\Java\jdk1.8.0_251\jre\bin\nio.dll
0x00007fffebfb0000 - 0x00007fffebfd6000 	C:\Users\PC\.gradle\native\31\windows-amd64\native-platform.dll
0x00007fffebd30000 - 0x00007fffebd3d000 	C:\Program Files\Java\jdk1.8.0_251\jre\bin\management.dll
0x00007ffff8410000 - 0x00007ffff8428000 	C:\Windows\SYSTEM32\CRYPTSP.dll
0x00007ffff7b20000 - 0x00007ffff7b54000 	C:\Windows\system32\rsaenh.dll
0x00007ffff8ec0000 - 0x00007ffff8ee7000 	C:\Windows\System32\bcrypt.dll
0x00007ffff8920000 - 0x00007ffff894e000 	C:\Windows\SYSTEM32\USERENV.dll
0x00007ffff8fe0000 - 0x00007ffff9062000 	C:\Windows\System32\bcryptprimitives.dll
0x00007ffff8400000 - 0x00007ffff840c000 	C:\Windows\SYSTEM32\CRYPTBASE.dll
0x00007ffff7eb0000 - 0x00007ffff7eeb000 	C:\Windows\SYSTEM32\IPHLPAPI.DLL
0x00007ffff9460000 - 0x00007ffff9468000 	C:\Windows\System32\NSI.dll
0x00007ffff1570000 - 0x00007ffff1587000 	C:\Windows\SYSTEM32\dhcpcsvc6.DLL
0x00007ffff0b20000 - 0x00007ffff0b3d000 	C:\Windows\SYSTEM32\dhcpcsvc.DLL
0x00007ffff7f00000 - 0x00007ffff7fcb000 	C:\Windows\SYSTEM32\DNSAPI.dll

VM Arguments:
jvm_args: -XX:MaxMetaspaceSize=256m -XX:+HeapDumpOnOutOfMemoryError -agentlib:jdwp=transport=dt_socket,server=n,suspend=y,address=58662 -Xms256m -Xmx512m -Dfile.encoding=windows-1252 -Duser.country=US -Duser.language=en -Duser.variant 
java_command: org.gradle.launcher.daemon.bootstrap.GradleDaemon 6.1
java_class_path (initial): C:\Users\PC\.gradle\wrapper\dists\gradle-6.1-all\d7p1d05fks2n0h6nqsj2ogyq5\gradle-6.1\lib\gradle-launcher-6.1.jar
Launcher Type: SUN_STANDARD

Environment Variables:
JAVA_HOME=C:\Program Files\Java\jdk1.8.0_251
PATH=C:\Windows\system32;C:\Windows;C:\Windows\System32\Wbem;C:\Windows\System32\WindowsPowerShell\v1.0\;C:\Windows\System32\OpenSSH\;C:\Program Files\Git\cmd;% JAVA_HOME%\bin;C:\Users\PC\AppData\Local\Microsoft\WindowsApps;
USERNAME=PC
OS=Windows_NT
PROCESSOR_IDENTIFIER=Intel64 Family 6 Model 140 Stepping 1, GenuineIntel



---------------  S Y S T E M  ---------------

OS: Windows 10.0 , 64 bit Build 19041 (10.0.19041.1348)

CPU:total 8 (initial active 8) (4 cores per cpu, 2 threads per core) family 6 model 140 stepping 1, cmov, cx8, fxsr, mmx, sse, sse2, sse3, ssse3, sse4.1, sse4.2, popcnt, avx, avx2, aes, clmul, erms, 3dnowpref, lzcnt, ht, tsc, tscinvbit, bmi1, bmi2, adx

Memory: 4k page, physical 8104744k(673980k free), swap 16309032k(4140k free)

vm_info: Java HotSpot(TM) 64-Bit Server VM (25.251-b08) for windows-amd64 JRE (1.8.0_251-b08), built on Mar 12 2020 06:31:49 by "" with MS VC++ 10.0 (VS2010)

time: Mon Jan 03 23:10:07 2022
timezone: SE Asia Standard Time
elapsed time: 1 seconds (0d 0h 0m 1s)

